2025-04-08 18:20:43,109 - INFO - Duplicado: 7702010282485 - Suavitel 430ml - 4400
2025-04-08 18:20:43,205 - INFO - Duplicado: 7702191164037 - Aromatel Mediano 400ml - 3400
2025-04-08 18:20:45,199 - INFO - Duplicado: 7509546683690 - Fabuloso Sachet 180ml - 2000
2025-04-08 18:20:46,607 - INFO - Duplicado: 7709658360193 - Jabón Supremo - 3000
2025-04-08 18:20:50,480 - INFO - Duplicado: 7702191161357 - Aromatel Grande 2.5 - 20000
2025-04-08 18:21:59,116 - INFO - Duplicado: 7702026147471 - Papel Higenico Familia Unidad - 2300
2025-04-08 18:21:59,731 - INFO - Duplicado: 7501006711615 - Cepillos Pro  - 4000
2025-04-08 18:21:59,732 - INFO - Sin precio: areil - Areil - 0.0
2025-04-08 18:22:02,701 - INFO - Duplicado: 7702425801288 - Toalla Kotex Discreta - 4400
2025-04-08 18:22:55,169 - INFO - Sin precio: 75011251848647501125184864 - 75011251848647501125184864 - 0.0
2025-04-08 18:22:57,399 - INFO - Duplicado: 77035684 - Coca Cola Mini  - 2000
2025-04-08 18:22:57,494 - INFO - Duplicado: 7702004013842 - Pony Malta Litro   - 4500
2025-04-08 18:22:57,588 - INFO - Duplicado: 7702535012079 - Quatro Personal  - 3000
2025-04-08 18:22:58,164 - INFO - Duplicado: 7709004927773 - Soda Pool 400ml Pequeña  - 2000
2025-04-08 18:22:58,257 - INFO - Duplicado: 7702090029543 - Soda Bretaña  - 5000
2025-04-08 18:23:02,322 - INFO - Sin precio: laton-negra-x-24 - Laton Negra x 24 - 0.0
2025-04-08 18:23:22,699 - INFO - Duplicado: pilsen123 - Pilsen  - 68000
2025-04-08 18:23:22,793 - INFO - Duplicado: 7702004110701 -  N Coronita unidad - 4000
2025-04-08 18:23:22,892 - INFO - Duplicado: 7702049100675 - Media Ron Medellin 8 Años  - 48000
2025-04-08 18:23:22,988 - INFO - Duplicado: 7702051002738 - Latón Pilsen  - 4000
2025-04-08 18:23:23,084 - INFO - Duplicado: 7702004002525 - Latón Aguila Original  - 4000
2025-04-08 18:23:23,178 - INFO - Duplicado: 7702049100651 - Botella Ron Medellin 8 Años  - 73000
2025-04-08 18:23:23,744 - INFO - Duplicado: 070847004707 - Monster  - 8000
2025-04-08 18:23:42,904 - INFO - Duplicado: 7702189056023 - Papas Margarita Limón  - 2500
2025-04-08 18:23:42,999 - INFO - Duplicado: 7702189056047 - Papas Margarita Pollo  - 2500
2025-04-08 18:23:44,350 - INFO - Duplicado: 7702006400114 - Sedal  - 1200
2025-04-08 18:24:05,251 - INFO - Duplicado: 7702010282485 - Suavitel 430ml - 4400
2025-04-08 18:24:05,348 - INFO - Duplicado: 7702191164037 - Aromatel Mediano 400ml - 3400
2025-04-08 18:24:07,510 - INFO - Duplicado: 7509546683690 - Fabuloso Sachet 180ml - 2000
2025-04-08 18:24:08,895 - INFO - Duplicado: 7709658360193 - Jabón Supremo - 3000
2025-04-08 18:24:13,191 - INFO - Duplicado: 7702191161357 - Aromatel Grande 2.5 - 20000
2025-04-08 18:24:25,951 - INFO - Duplicado: 7709073919815 - Salsa Soya - 3000
2025-04-08 18:24:41,270 - INFO - Duplicado: 7702025148110 - saltina mantequilla 3 tacos - 8400
2025-04-08 18:24:49,650 - INFO - Duplicado: 7702712001872 - nutrecan - 5500
2025-04-08 18:24:52,812 - INFO - Duplicado: 7702047038765 - salsa de tomate fruco 190gr - 5500
2025-04-08 18:24:53,876 - INFO - Duplicado: 7701101242049 - lata salchicha - 6000
2025-04-08 18:25:04,433 - INFO - Duplicado: 7706667900020 - sardina aburrá 425gr - 9800
2025-04-08 18:25:05,045 - INFO - Duplicado: 7706667900099 - sardina aburrá 125gr - 4900
2025-04-08 18:25:09,568 - INFO - Duplicado: 7702085012024 - spaguetis 250gr - 2300
2025-04-08 18:25:20,033 - INFO - Duplicado: 7702127108029 - Azucar Riopaila - 5300
2025-04-08 18:25:20,130 - INFO - Duplicado: 7702025148820 - Ducales 4 Tacos U/  - 11500
2025-04-08 18:25:20,227 - INFO - Duplicado: 7702354955915 - Frutiño Surtido  - 1000
2025-04-08 18:25:22,100 - INFO - Sin precio: mantequilla-r - Mantequilla r - 0.0
2025-04-08 18:25:30,252 - INFO - Sin precio: caldo-ricostilla-220-240 - Caldo ricostilla 220-240 - 0.0
2025-04-08 18:25:49,602 - INFO - Duplicado: filete-tilapia-800gr - filete tilapia 800gr - 27200
2025-04-08 18:25:51,680 - INFO - Duplicado: 7702137629569 - limpido ropa color 450ml - 2800
2025-04-08 18:26:49,737 - INFO - Sin precio: 7700029005286 - 7700029005286 - 0.0
2025-04-08 18:26:59,709 - INFO - Sin precio: httpsqrcodebf43rq7702090022766 - https://qrco.de/bf43rQ7702090022766 - 0.0
2025-04-08 18:27:14,569 - INFO - Sin precio: ray-por-400 - ray  por 400 - 0.0
2025-04-08 18:27:16,803 - INFO - Duplicado: 7862111870421 - sardina countrry mar 200gr - 7000
2025-04-08 18:28:26,365 - INFO - Duplicado: malta-15-paca - Malta 1.5 paca - 31000
2025-04-08 18:28:41,419 - INFO - Duplicado: garrafa-verde-mayorista - Garrafa verde mayorista - 85000
2025-04-08 18:28:55,915 - INFO - Duplicado: 7701101357279 - Salchichon tradicional Zenu x 850 gr - 12900
2025-04-08 18:28:56,015 - INFO - Duplicado: 7701101357286 - Salchichon tradicional Zenu x 620 gr - 9900
2025-04-08 18:28:56,111 - INFO - Duplicado: 7701101358245 - Salchicha ranchera x 115 gr - 6200
2025-04-08 18:28:57,759 - INFO - Duplicado: 7701101360576 - Maiz lata 415gr zenú - 10200
2025-04-08 18:29:01,489 - INFO - Duplicado: 7707301111116 - Bizcocho castipan - 7220
2025-04-08 18:29:01,490 - INFO - Sin precio: 1001001034802 - blanqueador en gel - 0.0
2025-04-08 18:29:01,776 - INFO - Sin precio: ariel-450gr - ariel 450gr - 0.0
2025-04-08 18:29:02,536 - INFO - Duplicado: arroz-arroa-paca - Arroz arroa paca  - 54500
2025-04-08 18:29:03,128 - INFO - Duplicado: 7702001162802 - N Avena original alpina - 2300
2025-04-08 18:29:03,698 - INFO - Duplicado: 7702029173781 - Desodorante balance  - 4200
2025-04-08 18:29:03,796 - INFO - Duplicado: dorito-unidad - Dorito unidad  - 2500
2025-04-08 18:29:03,890 - INFO - Duplicado: 7702166041660 - jabon dersa 1000 - 9800
2025-04-08 18:29:03,984 - INFO - Duplicado: 7702024255246 - lecherita tarrito - 2500
2025-04-08 18:29:04,394 - INFO - Duplicado: 7703090433927 - Mirringo libra - 5500
2025-04-08 18:29:04,955 - INFO - Duplicado: 7702007062489 - corona cruz  - 1300
2025-04-08 18:29:05,052 - INFO - Duplicado: 7702535012055 - Premio  - 3000
2025-04-08 18:29:05,149 - INFO - Duplicado: 7703121225378 - Caja triguisar  - 2500
2025-04-08 18:29:06,194 - INFO - Duplicado: mayorista-trident-x24 - Mayorista Trident x24  - 20000
2025-04-08 18:29:06,288 - INFO - Duplicado: mayorista-dorito-unidad - mayorista dorito unidad  - 2100
2025-04-08 18:29:06,382 - INFO - Duplicado: postobon-15-mayorista - Postobon 1.5 Mayorista  - 4000
2025-04-08 18:29:06,482 - INFO - Duplicado: paquete-bolsa-yogurt - Paquete Bolsa Yogurt  - 8000
2025-04-08 18:29:06,575 - INFO - Duplicado: 7707301111451 - Galleta Cuca  - 7000
2025-04-08 18:29:06,671 - INFO - Duplicado: 8801038200026 - minora caja  - 1800
2025-04-08 18:29:06,767 - INFO - Duplicado: six-pack-coronita - Six pack coronita  - 20000
2025-04-08 18:29:06,862 - INFO - Duplicado: six-pack-pilsen-lata-pequena - Six pack pilsen lata pequeña  - 18000
2025-04-08 18:29:06,959 - INFO - Duplicado: 7702007080391 - Jumbo Rayo X24  - 72500
2025-04-08 18:29:07,055 - INFO - Duplicado: aguardiente-amarillo-botella-particular - Aguardiente Amarillo Botella Particular  - 50000
2025-04-08 18:29:07,152 - INFO - Duplicado: 7702001100163 - Alpinito Grande  - 2400
2025-04-08 18:29:07,247 - INFO - Duplicado: 7701101270059 - Mortadela zenu - 7900
2025-04-08 18:29:07,344 - INFO - Duplicado: 7702007077926 - Lyne Chocolate  - 11500
2025-04-08 18:29:07,462 - INFO - Duplicado: 7707242401628 - Avena Bbebida  - 3000
2025-04-08 18:29:07,555 - INFO - Duplicado: 7702085012307 - argollas doria - 2300
2025-04-08 18:29:36,937 - INFO - Sin precio: 7703121000128 - 7703121000128 - 0.0
2025-04-08 18:31:15,813 - INFO - Sin precio: saitin-mantequilla7702025123773 - saitin mantequilla7702025123773 - 0.0
